D:\SWEAN\DOCUMENTS\WORKSPACE\MFC\REMINDTIMER\RTTEST0.1\REMINDTIMER0.1\DEBUG\REMINDTIMER0.1.PCH
D:\SWEAN\DOCUMENTS\WORKSPACE\MFC\REMINDTIMER\RTTEST0.1\REMINDTIMER0.1\DEBUG\STDAFX.OBJ
D:\SWEAN\DOCUMENTS\WORKSPACE\MFC\REMINDTIMER\RTTEST0.1\REMINDTIMER0.1\DEBUG\VC110.PDB
D:\SWEAN\DOCUMENTS\WORKSPACE\MFC\REMINDTIMER\RTTEST0.1\REMINDTIMER0.1\DEBUG\REMINDTIMER0.1.OBJ
D:\SWEAN\DOCUMENTS\WORKSPACE\MFC\REMINDTIMER\RTTEST0.1\REMINDTIMER0.1\DEBUG\REMINDTIMER0.1DLG.OBJ
D:\SWEAN\DOCUMENTS\WORKSPACE\MFC\REMINDTIMER\RTTEST0.1\REMINDTIMER0.1\DEBUG\REMINDTIMER0.1.ILK
D:\SWEAN\DOCUMENTS\WORKSPACE\MFC\REMINDTIMER\RTTEST0.1\REMINDTIMER0.1\DEBUG\REMINDTIMER0.1.EXE
D:\SWEAN\DOCUMENTS\WORKSPACE\MFC\REMINDTIMER\RTTEST0.1\REMINDTIMER0.1\DEBUG\REMINDTIMER0.1.PDB
D:\SWEAN\DOCUMENTS\WORKSPACE\MFC\REMINDTIMER\RTTEST0.1\REMINDTIMER0.1\DEBUG\REMINDTIMER0.1.RES
D:\Swean\Documents\workspace\MFC\RemindTimer\RTtest0.1\RemindTimer0.1\Debug\RemindTimer0.1.obj
D:\Swean\Documents\workspace\MFC\RemindTimer\RTtest0.1\RemindTimer0.1\Debug\RemindTimer0.1Dlg.obj
D:\Swean\Documents\workspace\MFC\RemindTimer\RTtest0.1\RemindTimer0.1\Debug\stdafx.obj
D:\Swean\Documents\workspace\MFC\RemindTimer\RTtest0.1\RemindTimer0.1\Debug\RemindTimer0.1.ilk
D:\Swean\Documents\workspace\MFC\RemindTimer\RTtest0.1\RemindTimer0.1\Debug\cl.command.1.tlog
D:\Swean\Documents\workspace\MFC\RemindTimer\RTtest0.1\RemindTimer0.1\Debug\CL.read.1.tlog
D:\Swean\Documents\workspace\MFC\RemindTimer\RTtest0.1\RemindTimer0.1\Debug\CL.write.1.tlog
D:\Swean\Documents\workspace\MFC\RemindTimer\RTtest0.1\RemindTimer0.1\Debug\link-cvtres.read.1.tlog
D:\Swean\Documents\workspace\MFC\RemindTimer\RTtest0.1\RemindTimer0.1\Debug\link-cvtres.write.1.tlog
D:\Swean\Documents\workspace\MFC\RemindTimer\RTtest0.1\RemindTimer0.1\Debug\link-mt.read.1.tlog
D:\Swean\Documents\workspace\MFC\RemindTimer\RTtest0.1\RemindTimer0.1\Debug\link-mt.write.1.tlog
D:\Swean\Documents\workspace\MFC\RemindTimer\RTtest0.1\RemindTimer0.1\Debug\link-rc.read.1.tlog
D:\Swean\Documents\workspace\MFC\RemindTimer\RTtest0.1\RemindTimer0.1\Debug\link-rc.write.1.tlog
D:\Swean\Documents\workspace\MFC\RemindTimer\RTtest0.1\RemindTimer0.1\Debug\link.command.1.tlog
D:\Swean\Documents\workspace\MFC\RemindTimer\RTtest0.1\RemindTimer0.1\Debug\link.read.1.tlog
D:\Swean\Documents\workspace\MFC\RemindTimer\RTtest0.1\RemindTimer0.1\Debug\link.write.1.tlog
D:\Swean\Documents\workspace\MFC\RemindTimer\RTtest0.1\RemindTimer0.1\Debug\rc.command.1.tlog
D:\Swean\Documents\workspace\MFC\RemindTimer\RTtest0.1\RemindTimer0.1\Debug\rc.read.1.tlog
D:\Swean\Documents\workspace\MFC\RemindTimer\RTtest0.1\RemindTimer0.1\Debug\rc.write.1.tlog
D:\Swean\Documents\workspace\MFC\RemindTimer\RTtest0.1\RemindTimer0.1\Debug\RemindTimer0.1.res
D:\Swean\Documents\workspace\MFC\RemindTimer\RTtest0.1\RemindTimer0.1\Debug\RemindTimer0.1.pch
D:\Swean\Documents\workspace\MFC\RemindTimer\RTtest0.1\RemindTimer0.1\Debug\vc110.idb
D:\Swean\Documents\workspace\MFC\RemindTimer\RTtest0.1\RemindTimer0.1\Debug\RemindTimer0.1.pdb
D:\Swean\Documents\workspace\MFC\RemindTimer\RTtest0.1\RemindTimer0.1\Debug\vc110.pdb
D:\Swean\Documents\workspace\MFC\RemindTimer\RTtest0.1\RemindTimer0.1\Debug\RemindTimer0.1.exe
